<?xml version="1.0" encoding="UTF-8"?>
<!-- Generated by org.testng.reporters.JUnitReportReporter -->
<testsuite hostname="LAPTOP-3VHIBLKU" name="se.nackademin.examination.examination_jacoco.ConversorTest" tests="4" failures="0" timestamp="18 Oct 2016 20:21:28 GMT" time="0.001" errors="0">
  <testcase name="testConverserAge" time="0.001" classname="se.nackademin.examination.examination_jacoco.ConversorTest"/>
  <testcase name="testConversorName" time="0.000" classname="se.nackademin.examination.examination_jacoco.ConversorTest"/>
  <testcase name="testCoversorGender" time="0.000" classname="se.nackademin.examination.examination_jacoco.ConversorTest"/>
  <testcase name="testCoversorCity" time="0.000" classname="se.nackademin.examination.examination_jacoco.ConversorTest"/>
</testsuite> <!-- se.nackademin.examination.examination_jacoco.ConversorTest -->
